11:27:56.827 [ApplicationImpl pooled thread 14] INFO  c.b.s.l.BrowserStackRunExtension - maven
11:27:56.831 [ApplicationImpl pooled thread 14] INFO  com.browserstack.sdk.utils.Helpers - null
11:34:35.187 [AWT-EventQueue-0] INFO  c.b.sdk.actions.DisableBrowserStack - Setting disable browserstack run update
11:34:35.203 [AWT-EventQueue-0] INFO  c.b.sdk.actions.EnableBrowserStack - Setting enable browserstack run update
11:44:48.488 [ApplicationImpl pooled thread 16] INFO  c.b.s.l.BrowserStackRunExtension - testng
11:44:48.488 [ApplicationImpl pooled thread 16] INFO  com.browserstack.sdk.utils.Helpers - null
11:44:48.492 [ApplicationImpl pooled thread 16] INFO  c.b.s.l.BrowserStackRunExtension - Agent path: null
11:46:34.837 [ApplicationImpl pooled thread 16] INFO  c.b.s.l.BrowserStackRunExtension - application
11:46:34.837 [ApplicationImpl pooled thread 16] INFO  com.browserstack.sdk.utils.Helpers - null
11:47:46.058 [ApplicationImpl pooled thread 28] INFO  c.b.s.l.BrowserStackRunExtension - testng
11:47:46.059 [ApplicationImpl pooled thread 28] INFO  com.browserstack.sdk.utils.Helpers - null
11:47:46.062 [ApplicationImpl pooled thread 28] INFO  c.b.s.l.BrowserStackRunExtension - Agent path: null
11:49:38.271 [ApplicationImpl pooled thread 31] INFO  c.b.s.l.BrowserStackRunExtension - testng
11:49:38.272 [ApplicationImpl pooled thread 31] INFO  com.browserstack.sdk.utils.Helpers - null
11:49:38.272 [ApplicationImpl pooled thread 31] INFO  c.b.s.l.BrowserStackRunExtension - Agent path: null
11:51:00.693 [ApplicationImpl pooled thread 33] INFO  c.b.s.l.BrowserStackRunExtension - testng
11:51:00.693 [ApplicationImpl pooled thread 33] INFO  com.browserstack.sdk.utils.Helpers - null
11:51:00.695 [ApplicationImpl pooled thread 33] INFO  c.b.s.l.BrowserStackRunExtension - Agent path: null
11:54:58.779 [ApplicationImpl pooled thread 32] INFO  c.b.s.l.BrowserStackRunExtension - testng
11:54:58.781 [ApplicationImpl pooled thread 32] INFO  com.browserstack.sdk.utils.Helpers - null
11:54:58.782 [ApplicationImpl pooled thread 32] INFO  c.b.s.l.BrowserStackRunExtension - Agent path: null
11:56:59.957 [ApplicationImpl pooled thread 38] INFO  c.b.s.l.BrowserStackRunExtension - testng
11:56:59.957 [ApplicationImpl pooled thread 38] INFO  com.browserstack.sdk.utils.Helpers - null
11:56:59.958 [ApplicationImpl pooled thread 38] INFO  c.b.s.l.BrowserStackRunExtension - Agent path: null
12:14:45.251 [ApplicationImpl pooled thread 45] INFO  c.b.s.l.BrowserStackRunExtension - testng
12:14:45.252 [ApplicationImpl pooled thread 45] INFO  com.browserstack.sdk.utils.Helpers - null
12:14:45.253 [ApplicationImpl pooled thread 45] INFO  c.b.s.l.BrowserStackRunExtension - Agent path: null
12:15:34.218 [ApplicationImpl pooled thread 45] INFO  c.b.s.l.BrowserStackRunExtension - testng
12:15:34.218 [ApplicationImpl pooled thread 45] INFO  com.browserstack.sdk.utils.Helpers - null
12:15:34.219 [ApplicationImpl pooled thread 45] INFO  c.b.s.l.BrowserStackRunExtension - Agent path: null
12:16:28.271 [ApplicationImpl pooled thread 44] INFO  c.b.s.l.BrowserStackRunExtension - testng
12:16:28.271 [ApplicationImpl pooled thread 44] INFO  com.browserstack.sdk.utils.Helpers - null
12:16:28.272 [ApplicationImpl pooled thread 44] INFO  c.b.s.l.BrowserStackRunExtension - Agent path: null
12:22:03.466 [ApplicationImpl pooled thread 57] INFO  c.b.s.l.BrowserStackRunExtension - testng
12:22:03.467 [ApplicationImpl pooled thread 57] INFO  com.browserstack.sdk.utils.Helpers - null
12:22:03.467 [ApplicationImpl pooled thread 57] INFO  c.b.s.l.BrowserStackRunExtension - Agent path: null
12:24:19.286 [ApplicationImpl pooled thread 60] INFO  c.b.s.l.BrowserStackRunExtension - testng
12:24:19.286 [ApplicationImpl pooled thread 60] INFO  com.browserstack.sdk.utils.Helpers - null
12:24:19.287 [ApplicationImpl pooled thread 60] INFO  c.b.s.l.BrowserStackRunExtension - Agent path: null
12:24:45.047 [ApplicationImpl pooled thread 60] INFO  c.b.s.l.BrowserStackRunExtension - testng
12:24:45.047 [ApplicationImpl pooled thread 60] INFO  com.browserstack.sdk.utils.Helpers - null
12:24:45.047 [ApplicationImpl pooled thread 60] INFO  c.b.s.l.BrowserStackRunExtension - Agent path: null
12:27:20.457 [ApplicationImpl pooled thread 55] INFO  c.b.s.l.BrowserStackRunExtension - testng
12:27:20.457 [ApplicationImpl pooled thread 55] INFO  com.browserstack.sdk.utils.Helpers - null
12:27:20.457 [ApplicationImpl pooled thread 55] INFO  c.b.s.l.BrowserStackRunExtension - Agent path: null
12:38:41.625 [ApplicationImpl pooled thread 68] INFO  c.b.s.l.BrowserStackRunExtension - testng
12:38:41.626 [ApplicationImpl pooled thread 68] INFO  com.browserstack.sdk.utils.Helpers - null
12:38:41.628 [ApplicationImpl pooled thread 68] INFO  c.b.s.l.BrowserStackRunExtension - Agent path: null
10:45:22.928 [ApplicationImpl pooled thread 19] INFO  c.b.s.l.BrowserStackRunExtension - testng
10:45:22.930 [ApplicationImpl pooled thread 19] INFO  com.browserstack.sdk.utils.Helpers - null
10:45:22.931 [ApplicationImpl pooled thread 19] INFO  c.b.s.l.BrowserStackRunExtension - Agent path: null
11:07:01.366 [ApplicationImpl pooled thread 27] INFO  c.b.s.l.BrowserStackRunExtension - testng
11:07:01.366 [ApplicationImpl pooled thread 27] INFO  com.browserstack.sdk.utils.Helpers - null
11:07:01.367 [ApplicationImpl pooled thread 27] INFO  c.b.s.l.BrowserStackRunExtension - Agent path: null
11:13:45.664 [ApplicationImpl pooled thread 31] INFO  c.b.s.l.BrowserStackRunExtension - testng
11:13:45.664 [ApplicationImpl pooled thread 31] INFO  com.browserstack.sdk.utils.Helpers - null
11:13:45.665 [ApplicationImpl pooled thread 31] INFO  c.b.s.l.BrowserStackRunExtension - Agent path: null
11:16:59.887 [ApplicationImpl pooled thread 37] INFO  c.b.s.l.BrowserStackRunExtension - testng
11:16:59.887 [ApplicationImpl pooled thread 37] INFO  com.browserstack.sdk.utils.Helpers - null
11:16:59.888 [ApplicationImpl pooled thread 37] INFO  c.b.s.l.BrowserStackRunExtension - Agent path: null
11:22:20.746 [ApplicationImpl pooled thread 44] INFO  c.b.s.l.BrowserStackRunExtension - testng
11:22:20.746 [ApplicationImpl pooled thread 44] INFO  com.browserstack.sdk.utils.Helpers - null
11:22:20.747 [ApplicationImpl pooled thread 44] INFO  c.b.s.l.BrowserStackRunExtension - Agent path: null
11:23:51.256 [ApplicationImpl pooled thread 45] INFO  c.b.s.l.BrowserStackRunExtension - testng
11:23:51.256 [ApplicationImpl pooled thread 45] INFO  com.browserstack.sdk.utils.Helpers - null
11:23:51.257 [ApplicationImpl pooled thread 45] INFO  c.b.s.l.BrowserStackRunExtension - Agent path: null
11:23:54.324 [ApplicationImpl pooled thread 45] INFO  c.b.s.l.BrowserStackRunExtension - testng
11:23:54.324 [ApplicationImpl pooled thread 45] INFO  com.browserstack.sdk.utils.Helpers - null
11:23:54.325 [ApplicationImpl pooled thread 45] INFO  c.b.s.l.BrowserStackRunExtension - Agent path: null
11:29:42.652 [ApplicationImpl pooled thread 47] INFO  c.b.s.l.BrowserStackRunExtension - testng
11:29:42.652 [ApplicationImpl pooled thread 47] INFO  com.browserstack.sdk.utils.Helpers - null
11:29:42.653 [ApplicationImpl pooled thread 47] INFO  c.b.s.l.BrowserStackRunExtension - Agent path: null
10:24:50.306 [ApplicationImpl pooled thread 30] INFO  c.b.s.l.BrowserStackRunExtension - application
10:24:50.309 [ApplicationImpl pooled thread 30] INFO  com.browserstack.sdk.utils.Helpers - null
10:43:37.972 [ApplicationImpl pooled thread 34] INFO  c.b.s.l.BrowserStackRunExtension - testng
10:43:37.972 [ApplicationImpl pooled thread 34] INFO  com.browserstack.sdk.utils.Helpers - null
10:43:37.974 [ApplicationImpl pooled thread 34] INFO  c.b.s.l.BrowserStackRunExtension - Agent path: null
10:46:06.952 [ApplicationImpl pooled thread 32] INFO  c.b.s.l.BrowserStackRunExtension - testng
10:46:06.952 [ApplicationImpl pooled thread 32] INFO  com.browserstack.sdk.utils.Helpers - null
10:46:06.953 [ApplicationImpl pooled thread 32] INFO  c.b.s.l.BrowserStackRunExtension - Agent path: null
22:24:23.471 [ApplicationImpl pooled thread 51] INFO  c.b.s.l.BrowserStackRunExtension - testng
22:24:23.475 [ApplicationImpl pooled thread 51] INFO  com.browserstack.sdk.utils.Helpers - null
22:24:23.476 [ApplicationImpl pooled thread 51] INFO  c.b.s.l.BrowserStackRunExtension - Agent path: null
22:24:38.709 [ApplicationImpl pooled thread 39] INFO  c.b.s.l.BrowserStackRunExtension - testng
22:24:38.709 [ApplicationImpl pooled thread 39] INFO  com.browserstack.sdk.utils.Helpers - null
22:24:38.710 [ApplicationImpl pooled thread 39] INFO  c.b.s.l.BrowserStackRunExtension - Agent path: null
22:26:56.980 [ApplicationImpl pooled thread 45] INFO  c.b.s.l.BrowserStackRunExtension - testng
22:26:56.981 [ApplicationImpl pooled thread 45] INFO  com.browserstack.sdk.utils.Helpers - null
22:26:56.981 [ApplicationImpl pooled thread 45] INFO  c.b.s.l.BrowserStackRunExtension - Agent path: null
22:23:52.911 [ApplicationImpl pooled thread 25] INFO  c.b.s.l.BrowserStackRunExtension - testng
22:23:52.913 [ApplicationImpl pooled thread 25] INFO  com.browserstack.sdk.utils.Helpers - null
22:23:52.914 [ApplicationImpl pooled thread 25] INFO  c.b.s.l.BrowserStackRunExtension - Agent path: null
22:24:11.903 [ApplicationImpl pooled thread 25] INFO  c.b.s.l.BrowserStackRunExtension - testng
22:24:11.903 [ApplicationImpl pooled thread 25] INFO  com.browserstack.sdk.utils.Helpers - null
22:24:11.906 [ApplicationImpl pooled thread 25] INFO  c.b.s.l.BrowserStackRunExtension - Agent path: null
22:25:37.251 [ApplicationImpl pooled thread 24] INFO  c.b.s.l.BrowserStackRunExtension - testng
22:25:37.251 [ApplicationImpl pooled thread 24] INFO  com.browserstack.sdk.utils.Helpers - null
22:25:37.251 [ApplicationImpl pooled thread 24] INFO  c.b.s.l.BrowserStackRunExtension - Agent path: null
22:25:44.011 [ApplicationImpl pooled thread 24] INFO  c.b.s.l.BrowserStackRunExtension - testng
22:25:44.013 [ApplicationImpl pooled thread 24] INFO  com.browserstack.sdk.utils.Helpers - null
22:25:44.013 [ApplicationImpl pooled thread 24] INFO  c.b.s.l.BrowserStackRunExtension - Agent path: null
22:26:20.138 [ApplicationImpl pooled thread 29] INFO  c.b.s.l.BrowserStackRunExtension - testng
22:26:20.138 [ApplicationImpl pooled thread 29] INFO  com.browserstack.sdk.utils.Helpers - null
22:26:20.139 [ApplicationImpl pooled thread 29] INFO  c.b.s.l.BrowserStackRunExtension - Agent path: null
22:27:33.537 [ApplicationImpl pooled thread 23] INFO  c.b.s.l.BrowserStackRunExtension - testng
22:27:33.538 [ApplicationImpl pooled thread 23] INFO  com.browserstack.sdk.utils.Helpers - null
22:27:33.538 [ApplicationImpl pooled thread 23] INFO  c.b.s.l.BrowserStackRunExtension - Agent path: null
22:29:02.685 [ApplicationImpl pooled thread 28] INFO  c.b.s.l.BrowserStackRunExtension - testng
22:29:02.686 [ApplicationImpl pooled thread 28] INFO  com.browserstack.sdk.utils.Helpers - null
22:29:02.686 [ApplicationImpl pooled thread 28] INFO  c.b.s.l.BrowserStackRunExtension - Agent path: null
22:36:13.914 [ApplicationImpl pooled thread 28] INFO  c.b.s.l.BrowserStackRunExtension - testng
22:36:13.914 [ApplicationImpl pooled thread 28] INFO  com.browserstack.sdk.utils.Helpers - null
22:36:13.914 [ApplicationImpl pooled thread 28] INFO  c.b.s.l.BrowserStackRunExtension - Agent path: null
22:46:43.192 [ApplicationImpl pooled thread 31] INFO  c.b.s.l.BrowserStackRunExtension - testng
22:46:43.192 [ApplicationImpl pooled thread 31] INFO  com.browserstack.sdk.utils.Helpers - null
22:46:43.192 [ApplicationImpl pooled thread 31] INFO  c.b.s.l.BrowserStackRunExtension - Agent path: null
10:48:50.378 [ApplicationImpl pooled thread 22] INFO  c.b.s.l.BrowserStackRunExtension - testng
10:48:50.379 [ApplicationImpl pooled thread 22] INFO  com.browserstack.sdk.utils.Helpers - null
10:48:50.380 [ApplicationImpl pooled thread 22] INFO  c.b.s.l.BrowserStackRunExtension - Agent path: null
22:19:17.065 [ApplicationImpl pooled thread 19] INFO  c.b.s.l.BrowserStackRunExtension - testng
22:19:17.068 [ApplicationImpl pooled thread 19] INFO  com.browserstack.sdk.utils.Helpers - null
22:19:17.069 [ApplicationImpl pooled thread 19] INFO  c.b.s.l.BrowserStackRunExtension - Agent path: null
